2024-07-31 16:58:49,760 :INFO : test_formSubmission :first name isshruti
2024-07-31 16:58:50,502 :INFO : test_formSubmission :first name issk
2024-07-31 16:58:50,502 :INFO : test_formSubmission :first name issk
2024-07-31 16:58:56,018 :INFO : test_e2e :Getting all cart items
2024-07-31 16:58:56,033 :INFO : test_e2e :This is final items
2024-07-31 16:58:56,185 :INFO : test_e2e :found blackberry and added in cart
2024-07-31 17:04:59,535 :INFO : test_formSubmission :first name isshruti
2024-07-31 17:05:00,313 :INFO : test_formSubmission :first name issk
2024-07-31 17:05:00,313 :INFO : test_formSubmission :first name issk
2024-07-31 17:05:05,786 :INFO : test_e2e :Getting all cart items
2024-07-31 17:05:05,797 :INFO : test_e2e :This is final items
2024-07-31 17:05:05,916 :INFO : test_e2e :found blackberry and added in cart
2024-08-08 15:10:10,746 :INFO : test_formSubmission :first name isshruti
2024-08-08 15:10:11,529 :INFO : test_formSubmission :first name issk
2024-08-08 15:10:11,529 :INFO : test_formSubmission :first name issk
2024-08-08 15:10:17,120 :INFO : test_e2e :Getting all cart items
2024-08-08 15:10:17,136 :INFO : test_e2e :This is final items
2024-08-08 15:10:17,248 :INFO : test_e2e :found blackberry and added in cart
2025-09-17 15:33:54,624 :INFO : test_formSubmission :first name isshruti
2025-09-17 15:33:55,311 :INFO : test_formSubmission :first name issk
2025-09-17 15:33:55,311 :INFO : test_formSubmission :first name issk
2025-09-17 15:34:00,692 :INFO : test_e2e :Getting all cart items
2025-09-17 15:34:00,692 :INFO : test_e2e :This is final items
2025-09-17 15:34:00,823 :INFO : test_e2e :found blackberry and added in cart
