2025-12-17 14:32:26,032 :INFO : test_formSubmission :first name isshruti
2025-12-17 14:32:26,793 :INFO : test_formSubmission :first name issk
2025-12-17 14:57:13,578 :INFO : test_formSubmission :first name isshruti
2025-12-17 14:57:13,702 :INFO : test_formSubmission :first name issk
2025-12-17 14:57:13,702 :INFO : test_formSubmission :first name issk
2025-12-17 15:02:34,364 :INFO : test_formSubmission :first name isshruti
2025-12-17 15:02:34,499 :INFO : test_formSubmission :first name issk
2025-12-17 15:02:34,499 :INFO : test_formSubmission :first name issk
2025-12-21 12:31:42,344 :INFO : test_formSubmission :first name isshruti
2025-12-21 12:31:42,399 :INFO : test_formSubmission :first name issk
2025-12-21 12:31:42,399 :INFO : test_formSubmission :first name issk
2025-12-21 12:33:53,966 :INFO : test_formSubmission :first name isshruti
2025-12-21 12:33:54,051 :INFO : test_formSubmission :first name issk
2025-12-21 12:33:54,051 :INFO : test_formSubmission :first name issk
2025-12-21 12:41:30,058 :INFO : test_formSubmission :first name isshruti
2025-12-21 12:41:30,109 :INFO : test_formSubmission :first name issk
2025-12-21 12:41:30,109 :INFO : test_formSubmission :first name issk
2025-12-21 12:47:22,854 :INFO : test_formSubmission :first name isshruti
2025-12-21 12:47:22,931 :INFO : test_formSubmission :first name issk
2025-12-21 12:47:22,931 :INFO : test_formSubmission :first name issk
2025-12-21 12:52:54,128 :INFO : test_formSubmission :first name isshruti
2025-12-21 12:52:54,194 :INFO : test_formSubmission :first name issk
2025-12-21 12:52:54,194 :INFO : test_formSubmission :first name issk
2025-12-21 12:54:42,782 :INFO : test_formSubmission :first name isshruti
2025-12-21 12:54:42,847 :INFO : test_formSubmission :first name issk
2025-12-21 12:54:42,847 :INFO : test_formSubmission :first name issk
2025-12-21 13:38:08,940 :INFO : test_formSubmission :first name isshruti
2025-12-21 13:38:09,069 :INFO : test_formSubmission :first name issk
2025-12-21 13:38:09,069 :INFO : test_formSubmission :first name issk
2025-12-21 13:44:28,128 :INFO : test_formSubmission :first name isshruti
2025-12-21 13:44:28,246 :INFO : test_formSubmission :first name issk
2025-12-21 13:44:28,246 :INFO : test_formSubmission :first name issk
2025-12-21 13:48:39,010 :INFO : test_formSubmission :first name isshruti
2025-12-21 13:48:39,156 :INFO : test_formSubmission :first name issk
2025-12-21 13:48:39,156 :INFO : test_formSubmission :first name issk
2025-12-21 13:49:39,968 :INFO : test_formSubmission :first name isshruti
2025-12-21 13:49:40,092 :INFO : test_formSubmission :first name issk
2025-12-21 13:49:40,092 :INFO : test_formSubmission :first name issk
2025-12-21 13:52:18,745 :INFO : test_formSubmission :first name isshruti
2025-12-21 13:52:18,876 :INFO : test_formSubmission :first name issk
2025-12-21 13:52:18,876 :INFO : test_formSubmission :first name issk
2025-12-21 13:55:26,781 :INFO : test_formSubmission :first name isshruti
2025-12-21 13:59:50,592 :INFO : test_formSubmission :first name isshruti
2025-12-21 14:03:16,918 :INFO : test_formSubmission :first name isshruti
2025-12-21 14:09:59,823 :INFO : test_practice4 :This is the selection of SubProduct
2025-12-21 14:10:01,491 :INFO : test_practice4 :This is the changes of product
2025-12-21 14:10:02,050 :INFO : test_practice4 :This is the updated price of the product
2025-12-21 14:17:37,011 :INFO : test_practice4 :This is the selection of SubProduct
2025-12-21 14:17:38,430 :INFO : test_practice4 :This is the changes of product
2025-12-21 14:17:38,992 :INFO : test_practice4 :This is the updated price of the product
2025-12-21 14:20:20,651 :INFO : test_practice4 :This is the selection of SubProduct
2025-12-21 14:20:22,077 :INFO : test_practice4 :This is the changes of product
2025-12-21 14:20:22,641 :INFO : test_practice4 :This is the updated price of the product
2025-12-21 14:22:29,509 :INFO : test_practice4 :This is the selection of SubProduct
2025-12-21 14:22:31,034 :INFO : test_practice4 :This is the changes of product
2025-12-21 14:22:31,591 :INFO : test_practice4 :This is the updated price of the product
2025-12-21 14:25:43,833 :INFO : test_practice4 :This is the selection of SubProduct
2025-12-21 14:25:45,229 :INFO : test_practice4 :This is the changes of product
2025-12-21 14:25:45,790 :INFO : test_practice4 :This is the updated price of the product
2025-12-21 14:27:02,302 :INFO : test_practice4 :This is the selection of SubProduct
2025-12-21 14:27:03,742 :INFO : test_practice4 :This is the changes of product
2025-12-21 14:27:04,300 :INFO : test_practice4 :This is the updated price of the product
